<?xml version="1.0" encoding="UTF-8"?>
<!-- Generated by org.testng.reporters.JUnitReportReporter -->
<testsuite skipped="0" hostname="DESKTOP-L1DOOE7" name="com.qa.testscript.TC_Mutliplewindows_Handle" tests="1" failures="0" timestamp="2021-08-06T17:19:37 IST" time="25.362" errors="0">
  <testcase name="windowHadle" time="25.362" classname="com.qa.testscript.TC_Mutliplewindows_Handle"/>
  <system-out/>
</testsuite> <!-- com.qa.testscript.TC_Mutliplewindows_Handle -->
